\BOOKMARK [1][-]{section.1}{\376\377\006\105\006\102\006\057\006\105\006\107\000\040\006\110\000\040\006\057\006\314\006\057\000\040\006\251\006\104\006\314\000\040\006\047\006\062\000\040\006\176\006\061\006\110\006\230\006\107}{}% 1
\BOOKMARK [2][-]{subsection.1.1}{\376\377\006\257\006\047\006\105\000\040\006\065\006\101\006\061\000:\006\050\006\061\006\061\006\063\006\314\000\040\006\064\006\105\006\047\006\052\006\314\006\251\000\040\006\105\006\110\006\054\006\110\006\057\000\040\006\057\006\061\000\040\006\063\006\314\006\105\006\110\006\104\006\314\006\106\006\251\000\040\006\110\006\057\006\047\006\057\006\107\000\040\006\107\006\047\006\314\000\040\006\176\006\061\006\110\006\230\006\107\000\040}{section.1}% 2
\BOOKMARK [2][-]{subsection.1.2}{\376\377\006\054\006\105\006\071\000\040\006\050\006\106\006\057\006\314\000\040}{section.1}% 3
\BOOKMARK [1][-]{section.2}{\376\377\006\257\006\047\006\105\000\040\006\047\006\110\006\104\000:\000\040\006\047\006\063\006\052\006\056\006\061\006\047\006\054\000\040\006\101\006\066\006\047\006\314\000\040\006\055\006\047\006\104\006\052\000\040}{}% 4
\BOOKMARK [1][-]{section.3}{\376\377\006\257\006\047\006\105\000\040\006\057\006\110\006\105\000:\006\047\006\063\006\052\006\056\006\061\006\047\006\054\000\040\006\105\006\071\006\047\006\057\006\104\006\047\006\052\000\040\006\057\006\314\006\106\006\047\006\105\006\314\006\251\006\314\000\040\006\110\000\040\006\176\006\314\006\047\006\057\006\107\040\014\006\063\006\047\006\062\006\314\000\040\006\105\006\057\006\104\000\040\006\063\006\314\006\063\006\052\006\105\000\040\006\251\006\106\006\052\006\061\006\104\000\040\006\063\006\067\006\055\000\040\006\105\006\047\006\314\006\071\000\040\006\057\006\061\000\040\006\105\006\056\006\062\006\106}{}% 5
\BOOKMARK [1][-]{section.4}{\376\377\006\047\006\063\006\052\006\056\006\061\006\047\006\054\000\040\006\052\006\047\006\050\006\071\000\040\006\052\006\050\006\057\006\314\006\104\000\040\006\063\006\314\006\063\006\052\006\105}{}% 6
\BOOKMARK [2][-]{subsection.4.1}{\376\377\006\047\006\063\006\052\006\056\006\061\006\047\006\054\000\040\006\052\006\047\006\050\006\071\000\040\006\052\006\050\006\057\006\314\006\104\000\040\006\047\006\062\000\040\006\067\006\061\006\314\006\102\000\040\006\052\006\055\006\104\006\314\006\104\000\040\006\105\006\071\006\047\006\057\006\104\006\047\006\052}{section.4}% 7
\BOOKMARK [2][-]{subsection.4.2}{\376\377\006\047\006\063\006\052\006\056\006\061\006\047\006\054\000\040\006\052\006\047\006\050\006\071\000\040\006\052\006\050\006\057\006\314\006\104\000\040\006\047\006\062\000\040\006\067\006\061\006\314\006\102\000\040\006\057\006\047\006\057\006\107\040\014\006\107\006\047\006\314\000\040\006\064\006\050\006\314\006\107\040\014\006\063\006\047\006\062\006\314}{section.4}% 8
\BOOKMARK [2][-]{subsection.4.3}{\376\377\006\050\006\061\006\061\006\063\006\314\000\040\006\047\006\071\006\052\006\050\006\047\006\061\000\040\006\052\006\047\006\050\006\071\000\040\006\052\006\050\006\057\006\314\006\104}{section.4}% 9
\BOOKMARK [1][-]{section.5}{\376\377\006\052\006\055\006\104\006\314\006\104\000\040\006\055\006\104\006\102\006\107\000\040\006\050\006\047\006\062\000\040\006\063\006\314\006\063\006\052\006\105\000\040\000\050\000O\000p\000e\000n\000-\000L\000o\000o\000p\000\040\000A\000n\000a\000l\000y\000s\000i\000s\000\051}{}% 10
\BOOKMARK [1][-]{section.6}{\376\377\006\047\006\063\006\052\006\056\006\061\006\047\006\054\000\040\006\105\006\071\006\047\006\057\006\104\006\107\000\040\006\057\006\314\006\106\006\047\006\105\006\314\006\251\006\314\000\040\006\063\006\314\006\063\006\052\006\105}{}% 11
\BOOKMARK [1][-]{section.7}{\376\377\006\052\006\071\006\314\006\314\006\106\000\040\006\106\006\102\006\067\006\107\000\040\006\251\006\047\006\061}{}% 12
\BOOKMARK [1][-]{section.8}{\376\377\006\056\006\067\006\314\040\014\006\063\006\047\006\062\006\314\000\040\006\063\006\314\006\063\006\052\006\105}{}% 13
\BOOKMARK [1][-]{section.9}{\376\377\006\105\006\057\006\104\000\040\006\101\006\066\006\047\006\314\000\040\006\055\006\047\006\104\006\052}{}% 14
\BOOKMARK [1][-]{section.10}{\376\377\006\047\006\063\006\052\006\056\006\061\006\047\006\054\000\040\006\052\006\047\006\050\006\071\000\040\006\052\006\050\006\057\006\314\006\104}{}% 15
\BOOKMARK [1][-]{section.11}{\376\377\006\052\006\055\006\104\006\314\006\104\000\040\006\176\006\047\006\063\006\056\000\040\006\176\006\104\006\107}{}% 16
\BOOKMARK [1][-]{section.12}{\376\377\006\176\006\047\006\061\006\047\006\105\006\052\006\061\006\107\006\047\006\314\000\040\006\062\006\105\006\047\006\106\006\314\000\040\006\063\006\314\006\063\006\052\006\105}{}% 17
\BOOKMARK [1][-]{section.13}{\376\377\006\047\006\071\006\052\006\050\006\047\006\061\000\040\006\105\006\057\006\104\000\040\006\056\006\067\006\314}{}% 18
\BOOKMARK [1][-]{section.14}{\376\377\006\105\006\102\006\047\006\314\006\063\006\107\000\040\006\176\006\047\006\063\006\056\000\040\006\072\006\314\006\061\006\056\006\067\006\314\000\040\006\050\006\107\000\040\006\176\006\104\006\107\000\040\006\251\006\110\006\206\006\251\000\040\006\110\000\040\006\050\006\062\006\061\006\257}{}% 19
\BOOKMARK [2][-]{subsection.14.1}{\376\377\006\050\006\061\006\061\006\063\006\314\000\040\006\176\006\047\006\063\006\056\000\040\006\066\006\061\006\050\006\107\000\040\006\110\000\040\006\064\006\314\006\050\000\040}{section.14}% 20
\BOOKMARK [1][-]{section.15}{\376\377\006\052\006\055\006\104\006\314\006\104\000\040\006\176\006\047\006\063\006\056\040\014\006\107\006\047\006\314\000\040\006\047\006\063\006\052\006\047\006\106\006\057\006\047\006\061\006\057\000\040\006\063\006\314\006\063\006\052\006\105}{}% 21
\BOOKMARK [2][-]{subsection.15.1}{\376\377\006\052\006\055\006\104\006\314\006\104\000\040\006\176\006\047\006\063\006\056\000\040\006\066\006\061\006\050\006\107}{section.15}% 22
\BOOKMARK [2][-]{subsection.15.2}{\376\377\006\052\006\055\006\104\006\314\006\104\000\040\006\176\006\047\006\063\006\056\000\040\006\061\006\105\006\176}{section.15}% 23
\BOOKMARK [1][-]{section.16}{\376\377\006\063\006\047\006\056\006\052\006\047\006\061\000\040\006\063\006\314\006\063\006\052\006\105}{}% 24
\BOOKMARK [2][-]{subsection.16.1}{\376\377\006\052\006\071\006\314\006\314\006\106\000\040\006\105\006\061\006\052\006\050\006\107\000\040\006\063\006\314\006\063\006\052\006\105}{section.16}% 25
\BOOKMARK [2][-]{subsection.16.2}{\376\377\006\052\006\071\006\314\006\314\006\106\000\040\006\106\006\110\006\071\000\040\006\063\006\314\006\063\006\052\006\105\000\040\000\050\000S\000y\000s\000t\000e\000m\000\040\000T\000y\000p\000e\000\051}{section.16}% 26
\BOOKMARK [2][-]{subsection.16.3}{\376\377\006\106\006\052\006\047\006\314\006\054\000\040\006\105\006\061\006\050\006\110\006\067\000\040\006\050\006\107\000\040\006\106\006\110\006\071\000\040\006\065\006\101\006\061}{section.16}% 27
\BOOKMARK [1][-]{section.17}{\376\377\006\054\006\105\006\071\040\014\006\050\006\106\006\057\006\314\000\040\006\106\006\107\006\047\006\314\006\314}{}% 28
\BOOKMARK [1][-]{section.18}{\376\377\006\052\006\055\006\104\006\314\006\104\000\040\006\057\006\061\000\040\006\055\006\110\006\062\006\107\000\040\006\101\006\061\006\251\006\047\006\106\006\063\000\040}{}% 29
\BOOKMARK [2][-]{subsection.18.1}{\376\377\006\052\006\047\006\050\006\071\000\040\006\052\006\050\006\057\006\314\006\104\000\040\006\063\006\314\006\063\006\052\006\105\000\040\006\056\006\067\006\314\040\014\006\064\006\057\006\107}{section.18}% 30
\BOOKMARK [2][-]{subsection.18.2}{\376\377\006\052\006\055\006\104\006\314\006\104\000\040\006\176\006\047\006\314\006\057\006\047\006\061\006\314\000\040\006\050\006\047\000\040\006\105\006\071\006\314\006\047\006\061\000\040\006\061\006\047\006\053\000-\006\107\006\061\006\110\006\314\006\052\006\062}{section.18}% 31
\BOOKMARK [2][-]{subsection.18.3}{\376\377\006\052\006\055\006\104\006\314\006\104\000\040\006\176\006\047\006\314\006\057\006\047\006\061\006\314\000\040\000B\000I\000B\000O}{section.18}% 32
\BOOKMARK [2][-]{subsection.18.4}{\376\377\006\052\006\055\006\104\006\314\006\104\000\040\006\106\006\105\006\110\006\057\006\047\006\061\000\040\006\050\006\110\006\057\000\040\000\050\000B\000o\000d\000e\000\051}{section.18}% 33
\BOOKMARK [3][-]{subsubsection.18.4.1}{\376\377\006\052\006\055\006\104\006\314\006\104\000\040\006\050\006\107\006\061\006\107}{subsection.18.4}% 34
\BOOKMARK [3][-]{subsubsection.18.4.2}{\376\377\006\052\006\055\006\104\006\314\006\104\000\040\006\101\006\047\006\062}{subsection.18.4}% 35
\BOOKMARK [3][-]{subsubsection.18.4.3}{\376\377\006\055\006\047\006\064\006\314\006\107\040\014\006\107\006\047\006\314\000\040\006\176\006\047\006\314\006\057\006\047\006\061\006\314}{subsection.18.4}% 36
\BOOKMARK [2][-]{subsection.18.5}{\376\377\006\052\006\055\006\104\006\314\006\104\000\040\006\106\006\105\006\110\006\057\006\047\006\061\000\040\006\106\006\047\006\314\006\251\006\110\006\046\006\314\006\063\006\052\000\040\000\050\000N\000y\000q\000u\000i\000s\000t\000\051}{section.18}% 37
\BOOKMARK [3][-]{subsubsection.18.5.1}{\376\377\006\105\006\071\006\314\006\047\006\061\000\040\006\106\006\047\006\314\006\251\006\110\006\046\006\314\006\063\006\052}{subsection.18.5}% 38
\BOOKMARK [2][-]{subsection.18.6}{\376\377\006\054\006\105\006\071\040\014\006\050\006\106\006\057\006\314\000\040\006\052\006\055\006\104\006\314\006\104\000\040\006\101\006\061\006\251\006\047\006\106\006\063\006\314}{section.18}% 39
\BOOKMARK [1][-]{section.19}{\376\377\006\052\006\055\006\104\006\314\006\104\000\040\006\055\006\063\006\047\006\063\006\314\006\052\000\040\006\063\006\314\006\063\006\052\006\105\000\040\006\110\000\040\006\064\006\061\006\047\006\314\006\067\000\040\006\050\006\047\006\104\006\102\006\110\006\107\000\040\006\106\006\047\006\176\006\047\006\314\006\057\006\047\006\061\006\314}{}% 40
\BOOKMARK [2][-]{subsection.19.1}{\376\377\006\052\006\047\006\050\006\071\000\040\006\052\006\050\006\057\006\314\006\104\000\040\006\056\006\067\006\314\040\014\006\064\006\057\006\107}{section.19}% 41
\BOOKMARK [2][-]{subsection.19.2}{\376\377\006\052\006\055\006\104\006\314\006\104\000\040\006\055\006\063\006\047\006\063\006\314\006\052\000\040\006\102\006\067\006\050\000\040\006\106\006\063\006\050\006\052\000\040\006\050\006\107\000\040\006\176\006\047\006\061\006\047\006\105\006\052\006\061\006\107\006\047}{section.19}% 42
\BOOKMARK [3][-]{subsubsection.19.2.1}{\376\377\006\055\006\063\006\047\006\063\006\314\006\052\000\040\006\106\006\063\006\050\006\052\000\040\006\050\006\107\000\040\006\063\006\067\006\055\000\040\006\105\006\102\006\067\006\071\000\040\006\105\006\056\006\062\006\106\000\040\000A}{subsection.19.2}% 43
\BOOKMARK [3][-]{subsubsection.19.2.2}{\376\377\006\055\006\063\006\047\006\063\006\314\006\052\000\040\006\106\006\063\006\050\006\052\000\040\006\050\006\107\000\040\006\063\006\067\006\055\000\040\006\105\006\102\006\067\006\071\000\040\006\056\006\061\006\110\006\054\006\314\000\040\000a}{subsection.19.2}% 44
\BOOKMARK [3][-]{subsubsection.19.2.3}{\376\377\006\055\006\063\006\047\006\063\006\314\006\052\000\040\006\106\006\063\006\050\006\052\000\040\006\050\006\107\000\040\006\106\006\102\006\067\006\107\000\040\006\251\006\047\006\061\000\040\000h\0000}{subsection.19.2}% 45
\BOOKMARK [2][-]{subsection.19.3}{\376\377\006\064\006\061\006\047\006\314\006\067\000\040\006\050\006\047\006\104\006\102\006\110\006\107\000\040\006\106\006\047\006\176\006\047\006\314\006\057\006\047\006\061\006\314\000\040\006\057\006\061\000\040\006\105\006\057\006\104\000\040\006\056\006\067\006\314}{section.19}% 46
\BOOKMARK [2][-]{subsection.19.4}{\376\377\006\052\006\055\006\104\006\314\006\104\000\040\006\106\006\047\006\176\006\047\006\314\006\057\006\047\006\061\006\314\000\040\006\057\006\061\000\040\006\105\006\057\006\104\000\040\006\072\006\314\006\061\006\056\006\067\006\314}{section.19}% 47
\BOOKMARK [2][-]{subsection.19.5}{\376\377\006\054\006\105\006\071\040\014\006\050\006\106\006\057\006\314\000\040\006\052\006\055\006\104\006\314\006\104\000\040\006\055\006\063\006\047\006\063\006\314\006\052}{section.19}% 48
\BOOKMARK [1][-]{section.20}{\376\377\006\067\006\061\006\047\006\055\006\314\000\040\006\110\000\040\006\052\006\055\006\104\006\314\006\104\000\040\006\251\006\106\006\052\006\061\006\104\040\014\006\251\006\106\006\106\006\057\006\107\000\040\006\063\006\067\006\055\000\040\006\105\006\047\006\314\006\071\000\040\000\050\000P\000I\000D\000\051}{}% 49
\BOOKMARK [2][-]{subsection.20.1}{\376\377\006\047\006\107\006\057\006\047\006\101\000\040\006\251\006\106\006\052\006\061\006\104\006\314}{section.20}% 50
\BOOKMARK [2][-]{subsection.20.2}{\376\377\006\063\006\047\006\056\006\052\006\047\006\061\000\040\006\251\006\106\006\052\006\061\006\104\006\314\000\040\006\110\000\040\006\176\006\314\006\047\006\057\006\107\040\014\006\063\006\047\006\062\006\314}{section.20}% 51
\BOOKMARK [2][-]{subsection.20.3}{\376\377\006\067\006\061\006\047\006\055\006\314\000\040\006\257\006\047\006\105\040\014\006\050\006\107\040\014\006\257\006\047\006\105\000\040\006\361\000:\000\040\006\052\006\055\006\104\006\314\006\104\000\040\006\251\006\106\006\052\006\061\006\104\040\014\006\251\006\106\006\106\006\057\006\107\000\040\006\052\006\106\006\047\006\063\006\050\006\314\000\040\000\050\000P\000\051}{section.20}% 52
\BOOKMARK [2][-]{subsection.20.4}{\376\377\006\067\006\061\006\047\006\055\006\314\000\040\006\257\006\047\006\105\040\014\006\050\006\107\040\014\006\257\006\047\006\105\000\040\006\362\000:\000\040\006\052\006\055\006\104\006\314\006\104\000\040\006\251\006\106\006\052\006\061\006\104\040\014\006\251\006\106\006\106\006\057\006\107\000\040\006\052\006\106\006\047\006\063\006\050\006\314\000-\006\047\006\106\006\052\006\257\006\061\006\047\006\104\006\314\000\040\000\050\000P\000I\000\051}{section.20}% 53
\BOOKMARK [2][-]{subsection.20.5}{\376\377\006\067\006\061\006\047\006\055\006\314\000\040\006\257\006\047\006\105\040\014\006\050\006\107\040\014\006\257\006\047\006\105\000\040\006\363\000:\000\040\006\052\006\055\006\104\006\314\006\104\000\040\006\251\006\106\006\052\006\061\006\104\040\014\006\251\006\106\006\106\006\057\006\107\000\040\006\052\006\106\006\047\006\063\006\050\006\314\000-\006\105\006\064\006\052\006\102\040\014\006\257\006\314\006\061\000\040\000\050\000P\000D\000\051}{section.20}% 54
\BOOKMARK [2][-]{subsection.20.6}{\376\377\006\067\006\061\006\047\006\055\006\314\000\040\006\106\006\107\006\047\006\314\006\314\000:\000\040\006\251\006\106\006\052\006\061\006\104\040\014\006\251\006\106\006\106\006\057\006\107\000\040\000P\000I\000D\000\040\006\110\000\040\006\052\006\055\006\104\006\314\006\104\000\040\006\176\006\047\006\063\006\056}{section.20}% 55
\BOOKMARK [2][-]{subsection.20.7}{\376\377\006\052\006\055\006\104\006\314\006\104\000\040\006\106\006\110\006\314\006\062\000\040\006\110\000\040\006\047\006\053\006\061\000\040\006\101\006\314\006\104\006\052\006\061\000\040\006\105\006\064\006\052\006\102\040\014\006\257\006\314\006\061}{section.20}% 56
\BOOKMARK [2][-]{subsection.20.8}{\376\377\006\052\006\055\006\104\006\314\006\104\000\040\006\105\006\065\006\047\006\104\006\055\006\107\000\040\006\050\006\314\006\106\000\040\006\055\006\060\006\101\000\040\006\106\006\110\006\314\006\062\000\040\006\110\000\040\006\176\006\047\006\314\006\057\006\047\006\061\006\314\000\040\000\050\000T\000r\000a\000d\000e\000-\000o\000f\000f\000\051}{section.20}% 57
\BOOKMARK [1][-]{section.21}{\376\377\006\050\006\061\006\061\006\063\006\314\000\040\006\071\006\105\006\104\006\251\006\061\006\057\000\040\006\063\006\314\006\063\006\052\006\105\000\040\006\057\006\061\000\040\006\055\006\066\006\110\006\061\000\040\006\047\006\072\006\052\006\064\006\047\006\064\000\040\000\050\000D\000i\000s\000t\000u\000r\000b\000a\000n\000c\000e\000\051}{}% 58
\BOOKMARK [2][-]{subsection.21.1}{\376\377\006\063\006\106\006\047\006\061\006\314\006\110\006\314\000\040\006\052\006\063\006\052\000\040\006\110\000\040\006\052\006\072\006\314\006\314\006\061\006\047\006\052\000\040\006\057\006\061\000\040\006\050\006\104\006\110\006\251\000\040\006\057\006\314\006\047\006\257\006\061\006\047\006\105}{section.21}% 59
\BOOKMARK [2][-]{subsection.21.2}{\376\377\006\052\006\055\006\104\006\314\006\104\000\040\006\176\006\047\006\063\006\056\000\040\006\062\006\105\006\047\006\106\006\314}{section.21}% 60
\BOOKMARK [1][-]{section.22}{\376\377\006\050\006\061\006\061\006\063\006\314\000\040\006\071\006\105\006\104\006\251\006\061\006\057\000\040\006\063\006\314\006\063\006\052\006\105\000\040\006\057\006\061\000\040\006\055\006\066\006\110\006\061\000\040\006\106\006\110\006\314\006\062\000\040\006\047\006\106\006\057\006\047\006\062\006\107\040\014\006\257\006\314\006\061\006\314\000\040\000\050\000N\000o\000i\000s\000e\000\051}{}% 61
\BOOKMARK [2][-]{subsection.22.1}{\376\377\006\105\006\057\006\104\040\014\006\063\006\047\006\062\006\314\000\040\006\106\006\110\006\314\006\062\000\040\006\063\006\106\006\063\006\110\006\061}{section.22}% 62
\BOOKMARK [2][-]{subsection.22.2}{\376\377\006\052\006\055\006\104\006\314\006\104\000\040\006\176\006\047\006\314\006\057\006\047\006\061\006\314\000\040\006\057\006\061\000\040\006\055\006\066\006\110\006\061\000\040\006\106\006\110\006\314\006\062}{section.22}% 63
\BOOKMARK [1][-]{section.23}{\376\377\006\052\006\055\006\104\006\314\006\104\000\040\006\053\006\047\006\050\006\052\000\040\006\062\006\105\006\047\006\106\006\314\000\040\006\110\000\040\006\176\006\314\006\064\006\106\006\107\006\047\006\057\006\047\006\052\000\040\006\106\006\107\006\047\006\314\006\314}{}% 64
\BOOKMARK [1][-]{section.24}{\376\377\006\106\006\052\006\314\006\054\006\107\040\014\006\257\006\314\006\061\006\314\000\040\006\106\006\107\006\047\006\314\006\314}{}% 65
\BOOKMARK [1][-]{section.25}{\376\377\006\066\006\105\006\314\006\105\006\107\000:\000\040\006\061\006\047\006\107\006\106\006\105\006\047\006\314\000\040\006\101\006\047\006\314\006\104\040\014\006\107\006\047\006\314\000\040\006\047\006\061\006\063\006\047\006\104\006\314}{}% 66
